<?xml version="1.0" encoding="UTF-8"?>
<!-- Generated by org.testng.reporters.JUnitReportReporter -->
<testsuite hostname="Subhams-MacBook-Air.local" failures="0" tests="1" name="TestNgBasics" time="12.464" errors="0" timestamp="2023-04-22T21:35:20 IST" skipped="0">
  <testcase classname="TestNgBasics" name="TitleTest" time="12.464"/>
  <system-out/>
</testsuite> <!-- TestNgBasics -->
